<?xml version="1.0" encoding="UTF-8"?>
<!-- Generated by org.testng.reporters.JUnitXMLReporter -->
<testsuite ignored="1" hostname="HASSEN-HP" failures="0" tests="3" name="Test" time="0.091" errors="0" timestamp="2022-09-05T14:52:38 EDT">
  <testcase classname="listeners.Runner" name="test2" time="0.01"/>
  <testcase classname="listeners.Runner" name="test2" time="0.004"/>
  <testcase classname="listeners.Runner" name="test3" time="0.002"/>
  <testcase classname="listeners.Runner" name="test1" time="0.0">
    <ignored/>
  </testcase> <!-- test1 -->
</testsuite> <!-- Test -->
