<?xml version="1.0" encoding="UTF-8"?>
<testng-results ignored="1" total="4" passed="3" failed="0" skipped="0">
  <reporter-output>
  </reporter-output>
  <suite started-at="2022-09-05T14:52:38 EDT" name="Suite" finished-at="2022-09-05T14:52:38 EDT" duration-ms="91">
    <groups>
    </groups>
    <test started-at="2022-09-05T14:52:38 EDT" name="Test" finished-at="2022-09-05T14:52:38 EDT" duration-ms="91">
      <class name="listeners.Runner">
        <test-method is-config="true" signature="setUpSuite()[pri:0, instance:listeners.Runner@57250572]" started-at="2022-09-05T14:52:38 EDT" name="setUpSuite" finished-at="2022-09-05T14:52:38 EDT" duration-ms="19" status="PASS">
          <reporter-output>
          </reporter-output>
        </test-method> <!-- setUpSuite -->
        <test-method is-config="true" signature="setUp()[pri:0, instance:listeners.Runner@57250572]" started-at="2022-09-05T14:52:38 EDT" name="setUp" finished-at="2022-09-05T14:52:38 EDT" duration-ms="1" status="PASS">
          <reporter-output>
          </reporter-output>
        </test-method> <!-- setUp -->
        <test-method signature="test2()[pri:0, instance:listeners.Runner@57250572]" started-at="2022-09-05T14:52:38 EDT" name="test2" finished-at="2022-09-05T14:52:38 EDT" duration-ms="10" status="PASS">
          <reporter-output>
          </reporter-output>
        </test-method> <!-- test2 -->
        <test-method is-config="true" signature="tearDown()[pri:0, instance:listeners.Runner@57250572]" started-at="2022-09-05T14:52:38 EDT" name="tearDown" finished-at="2022-09-05T14:52:38 EDT" duration-ms="0" status="PASS">
          <reporter-output>
          </reporter-output>
        </test-method> <!-- tearDown -->
        <test-method is-config="true" signature="setUp()[pri:0, instance:listeners.Runner@57250572]" started-at="2022-09-05T14:52:38 EDT" name="setUp" finished-at="2022-09-05T14:52:38 EDT" duration-ms="0" status="PASS">
          <reporter-output>
          </reporter-output>
        </test-method> <!-- setUp -->
        <test-method signature="test2()[pri:0, instance:listeners.Runner@57250572]" started-at="2022-09-05T14:52:38 EDT" name="test2" finished-at="2022-09-05T14:52:38 EDT" duration-ms="4" status="PASS">
          <reporter-output>
          </reporter-output>
        </test-method> <!-- test2 -->
        <test-method is-config="true" signature="tearDown()[pri:0, instance:listeners.Runner@57250572]" started-at="2022-09-05T14:52:38 EDT" name="tearDown" finished-at="2022-09-05T14:52:38 EDT" duration-ms="1" status="PASS">
          <reporter-output>
          </reporter-output>
        </test-method> <!-- tearDown -->
        <test-method signature="test3()[pri:0, instance:listeners.Runner@57250572]" started-at="2022-09-05T14:52:38 EDT" name="test3" finished-at="2022-09-05T14:52:38 EDT" duration-ms="2" status="PASS">
          <reporter-output>
          </reporter-output>
        </test-method> <!-- test3 -->
        <test-method is-config="true" signature="setUp()[pri:0, instance:listeners.Runner@57250572]" started-at="2022-09-05T14:52:38 EDT" name="setUp" finished-at="2022-09-05T14:52:38 EDT" duration-ms="0" status="PASS">
          <reporter-output>
          </reporter-output>
        </test-method> <!-- setUp -->
        <test-method is-config="true" signature="tearDown()[pri:0, instance:listeners.Runner@57250572]" started-at="2022-09-05T14:52:38 EDT" name="tearDown" finished-at="2022-09-05T14:52:38 EDT" duration-ms="1" status="PASS">
          <reporter-output>
          </reporter-output>
        </test-method> <!-- tearDown -->
        <test-method is-config="true" signature="tearDownSuite()[pri:0, instance:listeners.Runner@57250572]" started-at="2022-09-05T14:52:38 EDT" name="tearDownSuite" finished-at="2022-09-05T14:52:38 EDT" duration-ms="1" status="PASS">
          <reporter-output>
          </reporter-output>
        </test-method> <!-- tearDownSuite -->
      </class> <!-- listeners.Runner -->
    </test> <!-- Test -->
  </suite> <!-- Suite -->
</testng-results>
